<?xml version="1.0" encoding="UTF-8"?>
<testsuite xmlns:xsi="http://www.w3.org/2001/XMLSchema-instance" xsi:noNamespaceSchemaLocation="https://maven.apache.org/surefire/maven-surefire-plugin/xsd/surefire-test-report.xsd" name="org.example.AppTest" time="0.031" tests="1" errors="0" skipped="0" failures="0">
  <properties>
    <property name="sun.desktop" value="windows"/>
    <property name="awt.toolkit" value="sun.awt.windows.WToolkit"/>
    <property name="file.encoding.pkg" value="sun.io"/>
    <property name="java.specification.version" value="1.8"/>
    <property name="sun.cpu.isalist" value="pentium_pro+mmx pentium_pro pentium+mmx pentium i486 i386 i86"/>
    <property name="sun.jnu.encoding" value="GBK"/>
    <property name="java.class.path" value="F:\JAVA_WORKSPACE\LeetCode\target\test-classes;F:\JAVA_WORKSPACE\LeetCode\target\classes;G:\mavenRepository\junit\junit\4.11\junit-4.11.jar;G:\mavenRepository\org\hamcrest\hamcrest-core\1.3\hamcrest-core-1.3.jar;"/>
    <property name="java.vm.vendor" value="Oracle Corporation"/>
    <property name="sun.arch.data.model" value="32"/>
    <property name="user.variant" value=""/>
    <property name="java.vendor.url" value="http://java.oracle.com/"/>
    <property name="user.timezone" value="Asia/Shanghai"/>
    <property name="java.vm.specification.version" value="1.8"/>
    <property name="os.name" value="Windows 10"/>
    <property name="user.country" value="CN"/>
    <property name="sun.java.launcher" value="SUN_STANDARD"/>
    <property name="sun.boot.library.path" value="F:\jdk\jre\bin"/>
    <property name="sun.java.command" value="C:\Users\ADMINI~1\AppData\Local\Temp\surefire5190308287405101755\surefirebooter7252702306666493234.jar C:\Users\Administrator\AppData\Local\Temp\surefire5190308287405101755 2020-02-18T11-22-24_911-jvmRun1 surefire7710624194001837047tmp surefire_02908569417933326384tmp"/>
    <property name="surefire.test.class.path" value="F:\JAVA_WORKSPACE\LeetCode\target\test-classes;F:\JAVA_WORKSPACE\LeetCode\target\classes;G:\mavenRepository\junit\junit\4.11\junit-4.11.jar;G:\mavenRepository\org\hamcrest\hamcrest-core\1.3\hamcrest-core-1.3.jar;"/>
    <property name="sun.cpu.endian" value="little"/>
    <property name="user.home" value="C:\Users\Administrator"/>
    <property name="user.language" value="zh"/>
    <property name="java.specification.vendor" value="Oracle Corporation"/>
    <property name="java.home" value="F:\jdk\jre"/>
    <property name="basedir" value="F:\JAVA_WORKSPACE\LeetCode"/>
    <property name="file.separator" value="\"/>
    <property name="line.separator" value="&#10;"/>
    <property name="java.vm.specification.vendor" value="Oracle Corporation"/>
    <property name="java.specification.name" value="Java Platform API Specification"/>
    <property name="java.awt.graphicsenv" value="sun.awt.Win32GraphicsEnvironment"/>
    <property name="surefire.real.class.path" value="C:\Users\ADMINI~1\AppData\Local\Temp\surefire5190308287405101755\surefirebooter7252702306666493234.jar"/>
    <property name="sun.boot.class.path" value="F:\jdk\jre\lib\resources.jar;F:\jdk\jre\lib\rt.jar;F:\jdk\jre\lib\sunrsasign.jar;F:\jdk\jre\lib\jsse.jar;F:\jdk\jre\lib\jce.jar;F:\jdk\jre\lib\charsets.jar;F:\jdk\jre\lib\jfr.jar;F:\jdk\jre\classes"/>
    <property name="user.script" value=""/>
    <property name="sun.management.compiler" value="HotSpot Client Compiler"/>
    <property name="java.runtime.version" value="1.8.0_65-b17"/>
    <property name="user.name" value="Administrator"/>
    <property name="path.separator" value=";"/>
    <property name="os.version" value="10.0"/>
    <property name="java.endorsed.dirs" value="F:\jdk\jre\lib\endorsed"/>
    <property name="java.runtime.name" value="Java(TM) SE Runtime Environment"/>
    <property name="file.encoding" value="GBK"/>
    <property name="java.vm.name" value="Java HotSpot(TM) Client VM"/>
    <property name="localRepository" value="G:\mavenRepository"/>
    <property name="java.vendor.url.bug" value="http://bugreport.sun.com/bugreport/"/>
    <property name="java.io.tmpdir" value="C:\Users\ADMINI~1\AppData\Local\Temp\"/>
    <property name="java.version" value="1.8.0_65"/>
    <property name="user.dir" value="F:\JAVA_WORKSPACE\LeetCode"/>
    <property name="os.arch" value="x86"/>
    <property name="java.vm.specification.name" value="Java Virtual Machine Specification"/>
    <property name="java.awt.printerjob" value="sun.awt.windows.WPrinterJob"/>
    <property name="sun.os.patch.level" value=""/>
    <property name="java.library.path" value="F:\jdk\jre\bin;C:\WINDOWS\Sun\Java\bin;C:\WINDOWS\system32;C:\WINDOWS;C:\Program Files\Common Files\Intel\WirelessCommon\;C:\WINDOWS\system32;C:\WINDOWS;C:\WINDOWS\System32\Wbem;C:\WINDOWS\System32\WindowsPowerShell\v1.0\;C:\WINDOWS\System32\OpenSSH\;F:\Git\cmd;G:\Microsoft VS Code\bin;G:\anaconda\;G:\anaconda\Scripts;G:\anaconda\Library\bin;G:\Go\bin;G:\Go_workspace\bin;G:\mysql\bin;C:\TDM-GCC-64\bin;C:\Program Files\Intel\WiFi\bin\;F:\jdk\bin;G:\apache-maven-3.5.0\bin;G:\hadoop2.7.2\hadoop-2.7.2\bin;C:\Users\Administrator\AppData\Local\Microsoft\WindowsApps;G:\Pycharm\PyCharm 2019.2.2\bin;;G:\anaconda;G:\anaconda\Scripts;C:\Users\Administrator\go\bin;G:\GoLand\GoLand 2019.2\bin;;G:\Go\bin;C:\Program Files\Intel\WiFi\bin\;C:\Program Files\Common Files\Intel\WirelessCommon\;."/>
    <property name="java.vm.info" value="mixed mode"/>
    <property name="java.vendor" value="Oracle Corporation"/>
    <property name="java.vm.version" value="25.65-b01"/>
    <property name="idea.version2019.3" value="true"/>
    <property name="java.ext.dirs" value="F:\jdk\jre\lib\ext;C:\WINDOWS\Sun\Java\lib\ext"/>
    <property name="sun.io.unicode.encoding" value="UnicodeLittle"/>
    <property name="java.class.version" value="52.0"/>
  </properties>
  <testcase name="shouldAnswerWithTrue" classname="org.example.AppTest" time="0.001"/>
</testsuite>